TN:
SF:src/commands/alias/add.js
FN:7,(anonymous_0)
FN:24,(anonymous_1)
FN:41,(anonymous_2)
FNF:3
FNH:3
FNDA:9,(anonymous_0)
FNDA:4,(anonymous_1)
FNDA:9,(anonymous_2)
DA:1,1
DA:2,1
DA:3,1
DA:4,1
DA:8,9
DA:10,9
DA:12,9
DA:13,5
DA:14,5
DA:15,4
DA:16,4
DA:17,4
DA:19,1
DA:25,4
DA:26,4
DA:28,4
DA:29,4
DA:31,0
DA:34,4
DA:35,3
DA:38,4
DA:42,9
DA:43,9
DA:44,9
DA:46,9
DA:47,9
DA:49,0
DA:52,9
DA:53,9
DA:55,0
DA:58,9
DA:59,2
DA:60,2
DA:63,9
DA:64,4
DA:65,4
DA:68,9
DA:72,1
DA:73,1
DA:75,1
DA:79,1
DA:90,1
DA:91,1
LF:43
LH:40
BRDA:12,0,0,5
BRDA:12,0,1,4
BRDA:14,1,0,4
BRDA:14,1,1,1
BRDA:34,2,0,3
BRDA:34,2,1,1
BRDA:58,3,0,2
BRDA:58,3,1,7
BRDA:63,4,0,4
BRDA:63,4,1,5
BRF:10
BRH:10
end_of_record
TN:
SF:src/commands/alias/delete.js
FN:6,(anonymous_0)
FN:23,(anonymous_1)
FNF:2
FNH:2
FNDA:6,(anonymous_0)
FNDA:6,(anonymous_1)
DA:1,1
DA:2,1
DA:3,1
DA:7,6
DA:9,6
DA:11,6
DA:12,4
DA:13,4
DA:14,3
DA:15,3
DA:16,3
DA:18,1
DA:24,6
DA:25,6
DA:27,6
DA:28,6
DA:30,0
DA:33,6
DA:34,2
DA:35,2
DA:38,6
DA:42,1
DA:43,1
DA:45,1
DA:53,1
DA:55,1
LF:26
LH:25
BRDA:11,0,0,4
BRDA:11,0,1,2
BRDA:13,1,0,3
BRDA:13,1,1,1
BRDA:33,2,0,2
BRDA:33,2,1,4
BRF:6
BRH:6
end_of_record
TN:
SF:src/commands/alias/export.js
FN:6,(anonymous_0)
FNF:1
FNH:1
FNDA:5,(anonymous_0)
DA:1,1
DA:2,1
DA:3,1
DA:7,5
DA:9,5
DA:10,2
DA:11,2
DA:12,2
DA:14,2
DA:15,2
DA:18,3
DA:19,3
DA:20,3
DA:22,3
DA:23,2
DA:24,2
DA:26,1
DA:31,1
DA:32,1
DA:33,1
DA:34,1
LF:21
LH:21
BRDA:9,0,0,2
BRDA:9,0,1,3
BRDA:22,1,0,2
BRDA:22,1,1,1
BRDA:24,2,0,2
BRDA:24,2,1,0
BRF:6
BRH:5
end_of_record
TN:
SF:src/commands/alias/import.js
FN:6,(anonymous_0)
FN:25,(anonymous_1)
FNF:2
FNH:2
FNDA:7,(anonymous_0)
FNDA:7,(anonymous_1)
DA:1,1
DA:2,1
DA:3,1
DA:7,7
DA:9,7
DA:11,7
DA:12,3
DA:14,3
DA:15,2
DA:16,2
DA:17,2
DA:20,1
DA:26,7
DA:27,7
DA:29,7
DA:30,7
DA:32,0
DA:35,7
DA:36,2
DA:37,2
DA:40,5
DA:42,5
DA:43,2
DA:44,2
DA:47,5
DA:51,1
DA:53,1
DA:60,1
DA:61,1
DA:62,1
LF:30
LH:29
BRDA:11,0,0,3
BRDA:11,0,1,4
BRDA:14,1,0,2
BRDA:14,1,1,1
BRDA:16,2,0,2
BRDA:16,2,1,0
BRDA:35,3,0,2
BRDA:35,3,1,5
BRDA:42,4,0,2
BRDA:42,4,1,3
BRF:10
BRH:9
end_of_record
TN:
SF:src/commands/alias/list.js
FN:7,(anonymous_0)
FNF:1
FNH:1
FNDA:7,(anonymous_0)
DA:1,1
DA:2,1
DA:3,1
DA:8,7
DA:10,7
DA:11,2
DA:12,2
DA:13,2
DA:15,2
DA:16,2
DA:19,5
DA:20,5
DA:21,4
DA:22,4
DA:23,4
DA:25,4
DA:26,4
DA:29,4
DA:32,1
DA:37,1
DA:38,1
DA:39,1
DA:41,1
LF:23
LH:23
BRDA:10,0,0,2
BRDA:10,0,1,5
BRDA:20,1,0,4
BRDA:20,1,1,1
BRF:4
BRH:4
end_of_record
TN:
SF:src/commands/alias/reset.js
FN:5,(anonymous_0)
FNF:1
FNH:1
FNDA:3,(anonymous_0)
DA:1,1
DA:2,1
DA:6,3
DA:8,3
DA:9,1
DA:10,1
DA:11,1
DA:13,1
DA:14,1
DA:18,2
DA:19,2
DA:21,2
DA:22,2
DA:23,1
DA:26,2
DA:28,0
DA:32,1
DA:33,1
DA:34,1
DA:35,1
LF:20
LH:19
BRDA:8,0,0,1
BRDA:8,0,1,2
BRDA:19,1,0,0
BRDA:19,1,1,2
BRDA:22,2,0,1
BRDA:22,2,1,1
BRF:6
BRH:5
end_of_record
TN:
SF:src/commands/alias/setup.js
FN:6,(anonymous_0)
FNF:1
FNH:1
FNDA:3,(anonymous_0)
DA:1,1
DA:2,1
DA:3,1
DA:7,3
DA:9,3
DA:10,1
DA:11,1
DA:12,1
DA:14,1
DA:15,1
DA:23,2
DA:24,2
DA:25,2
DA:27,2
DA:28,2
DA:29,2
DA:31,1
DA:32,1
DA:33,1
DA:34,1
DA:36,0
DA:41,1
DA:42,1
DA:43,1
DA:44,1
LF:25
LH:24
BRDA:9,0,0,1
BRDA:9,0,1,2
BRDA:24,1,0,0
BRDA:24,1,1,2
BRDA:29,2,0,1
BRDA:29,2,1,1
BRF:6
BRH:5
end_of_record
TN:
SF:src/commands/alias/use.js
FN:8,(anonymous_0)
FNF:1
FNH:1
FNDA:9,(anonymous_0)
DA:1,1
DA:2,1
DA:3,1
DA:4,1
DA:5,1
DA:9,9
DA:11,9
DA:12,4
DA:13,4
DA:16,5
DA:17,5
DA:18,5
DA:19,5
DA:21,5
DA:22,5
DA:24,5
DA:25,1
DA:26,1
DA:27,4
DA:28,2
DA:29,2
DA:31,2
DA:32,1
DA:34,1
DA:35,1
DA:37,2
DA:38,2
DA:41,4
DA:43,4
DA:47,1
DA:48,1
DA:49,1
DA:50,1
DA:52,1
LF:34
LH:34
BRDA:11,0,0,4
BRDA:11,0,1,5
BRDA:24,1,0,1
BRDA:24,1,1,4
BRDA:27,2,0,2
BRDA:27,2,1,2
BRDA:31,3,0,1
BRDA:31,3,1,1
BRDA:37,4,0,2
BRDA:37,4,1,0
BRDA:41,5,0,3
BRDA:41,5,1,1
BRF:12
BRH:11
end_of_record
TN:
SF:src/utilities/AliasBaseCommand.js
FN:4,(anonymous_0)
FN:8,(anonymous_1)
FN:12,(anonymous_2)
FNF:3
FNH:1
FNDA:49,(anonymous_0)
FNDA:0,(anonymous_1)
FNDA:0,(anonymous_2)
DA:1,1
DA:17,1
LF:2
LH:2
BRF:0
BRH:0
end_of_record
TN:
SF:src/utilities/CommandUtility.js
FN:3,(anonymous_0)
FN:7,(anonymous_1)
FN:8,(anonymous_2)
FN:17,(anonymous_3)
FNF:4
FNH:4
FNDA:4,(anonymous_0)
FNDA:4,(anonymous_1)
FNDA:28,(anonymous_2)
FNDA:4,(anonymous_3)
DA:4,4
DA:8,28
DA:10,4
DA:11,2
DA:13,2
DA:18,4
DA:19,4
DA:20,2
DA:22,2
DA:23,2
DA:24,2
DA:25,2
DA:30,1
LF:13
LH:13
BRDA:7,0,0,4
BRDA:8,1,0,28
BRDA:8,1,1,26
BRDA:10,2,0,2
BRDA:10,2,1,2
BRDA:17,3,0,0
BRDA:19,4,0,2
BRDA:19,4,1,2
BRF:8
BRH:7
end_of_record
TN:
SF:src/utilities/ContextUtility.js
FN:4,(anonymous_0)
FN:8,(anonymous_1)
FNF:2
FNH:2
FNDA:2,(anonymous_0)
FNDA:2,(anonymous_1)
DA:1,1
DA:5,2
DA:9,2
DA:13,1
LF:4
LH:4
BRF:0
BRH:0
end_of_record
TN:
SF:src/utilities/FileUtility.js
FN:7,(anonymous_0)
FN:11,(anonymous_1)
FN:19,(anonymous_2)
FN:23,(anonymous_3)
FN:31,(anonymous_4)
FN:61,(anonymous_5)
FN:96,(anonymous_6)
FN:102,(anonymous_7)
FN:106,(anonymous_8)
FN:110,(anonymous_9)
FN:125,(anonymous_10)
FN:135,(anonymous_11)
FNF:12
FNH:12
FNDA:84,(anonymous_0)
FNDA:12,(anonymous_1)
FNDA:32,(anonymous_2)
FNDA:11,(anonymous_3)
FNDA:4,(anonymous_4)
FNDA:3,(anonymous_5)
FNDA:6,(anonymous_6)
FNDA:36,(anonymous_7)
FNDA:5,(anonymous_8)
FNDA:2,(anonymous_9)
FNDA:4,(anonymous_10)
FNDA:1,(anonymous_11)
DA:2,1
DA:3,1
DA:4,1
DA:8,84
DA:12,12
DA:13,11
DA:15,1
DA:20,32
DA:24,11
DA:25,5
DA:27,6
DA:32,4
DA:33,4
DA:34,4
DA:35,4
DA:37,4
DA:39,2
DA:40,2
DA:42,2
DA:43,1
DA:44,1
DA:46,1
DA:50,4
DA:51,3
DA:54,4
DA:56,0
DA:57,0
DA:62,3
DA:63,3
DA:64,3
DA:66,3
DA:68,3
DA:70,2
DA:71,2
DA:73,2
DA:74,1
DA:76,1
DA:77,1
DA:78,1
DA:81,1
DA:82,1
DA:85,3
DA:86,2
DA:89,3
DA:91,0
DA:92,0
DA:97,6
DA:99,6
DA:103,36
DA:107,5
DA:111,2
DA:112,2
DA:113,1
DA:114,1
DA:116,1
DA:117,1
DA:120,0
DA:121,0
DA:126,4
DA:127,4
DA:128,4
DA:130,0
DA:131,0
DA:136,1
DA:140,1
DA:141,1
DA:142,1
LF:67
LH:59
BRDA:12,0,0,11
BRDA:12,0,1,1
BRDA:19,1,0,32
BRDA:24,2,0,5
BRDA:24,2,1,6
BRDA:37,3,0,2
BRDA:37,3,1,2
BRDA:42,4,0,1
BRDA:42,4,1,1
BRDA:42,5,0,2
BRDA:42,5,1,2
BRDA:50,6,0,3
BRDA:50,6,1,1
BRDA:68,7,0,2
BRDA:68,7,1,1
BRDA:73,8,0,1
BRDA:73,8,1,1
BRDA:85,9,0,2
BRDA:85,9,1,1
BRDA:112,10,0,1
BRDA:112,10,1,1
BRF:21
BRH:21
end_of_record
TN:
SF:src/utilities/InquirerPrompts.js
FN:6,(anonymous_0)
FN:29,(anonymous_1)
FN:36,(anonymous_2)
FN:39,distanceComparator
FNF:4
FNH:3
FNDA:1,(anonymous_0)
FNDA:0,(anonymous_1)
FNDA:2,(anonymous_2)
FNDA:2,distanceComparator
DA:1,1
DA:2,1
DA:3,1
DA:7,1
DA:9,1
DA:11,0
DA:13,0
DA:14,0
DA:17,0
DA:18,0
DA:19,0
DA:30,0
DA:33,0
DA:37,2
DA:39,2
DA:40,2
DA:41,2
DA:42,2
DA:43,0
DA:47,2
DA:50,1
LF:21
LH:12
BRDA:9,0,0,1
BRDA:9,0,1,0
BRDA:13,1,0,0
BRDA:13,1,1,0
BRDA:42,2,0,0
BRDA:42,2,1,2
BRDA:42,3,0,2
BRDA:42,3,1,0
BRDA:43,4,0,0
BRDA:43,4,1,0
BRDA:43,5,0,0
BRDA:43,5,1,0
BRF:12
BRH:3
end_of_record
TN:
SF:src/utilities/MockPrompts.js
FN:3,(anonymous_0)
FN:7,(anonymous_1)
FN:11,(anonymous_2)
FNF:3
FNH:2
FNDA:4,(anonymous_0)
FNDA:4,(anonymous_1)
FNDA:0,(anonymous_2)
DA:4,4
DA:8,4
DA:15,1
LF:3
LH:3
BRF:0
BRH:0
end_of_record
TN:
SF:src/utilities/FileSnapshot/FilesystemStorage.js
FN:4,(anonymous_0)
FN:8,(anonymous_1)
FN:17,(anonymous_2)
FN:21,(anonymous_3)
FN:29,(anonymous_4)
FN:33,(anonymous_5)
FN:37,(anonymous_6)
FN:41,(anonymous_7)
FN:45,(anonymous_8)
FN:46,(anonymous_9)
FNF:10
FNH:6
FNDA:16,(anonymous_0)
FNDA:4,(anonymous_1)
FNDA:1,(anonymous_2)
FNDA:2,(anonymous_3)
FNDA:2,(anonymous_4)
FNDA:1,(anonymous_5)
FNDA:0,(anonymous_6)
FNDA:0,(anonymous_7)
FNDA:0,(anonymous_8)
FNDA:0,(anonymous_9)
DA:1,1
DA:5,16
DA:9,4
DA:10,4
DA:11,3
DA:13,2
DA:18,1
DA:22,2
DA:23,2
DA:24,2
DA:25,2
DA:26,2
DA:30,2
DA:34,1
DA:38,0
DA:42,0
DA:46,0
DA:47,0
DA:48,0
DA:54,1
LF:20
LH:15
BRDA:4,0,0,16
BRDA:47,1,0,0
BRDA:47,1,1,0
BRF:3
BRH:1
end_of_record
TN:
SF:src/utilities/FileSnapshot/MemoryStorage.js
FN:4,(anonymous_0)
FN:10,(anonymous_1)
FN:14,(anonymous_2)
FN:19,(anonymous_3)
FN:23,(anonymous_4)
FN:27,(anonymous_5)
FN:31,(anonymous_6)
FN:35,(anonymous_7)
FN:44,(anonymous_8)
FNF:9
FNH:9
FNDA:101,(anonymous_0)
FNDA:64,(anonymous_1)
FNDA:10,(anonymous_2)
FNDA:31,(anonymous_3)
FNDA:36,(anonymous_4)
FNDA:5,(anonymous_5)
FNDA:1,(anonymous_6)
FNDA:4,(anonymous_7)
FNDA:1,(anonymous_8)
DA:1,1
DA:5,101
DA:6,101
DA:7,101
DA:11,64
DA:15,10
DA:16,10
DA:20,31
DA:24,36
DA:28,5
DA:32,1
DA:36,4
DA:37,2
DA:39,2
DA:40,2
DA:45,1
DA:49,1
LF:17
LH:17
BRDA:4,0,0,0
BRDA:4,1,0,54
BRDA:4,2,0,97
BRDA:36,3,0,2
BRDA:36,3,1,2
BRF:5
BRH:4
end_of_record
TN:
SF:test/commands/add.test.js
FN:6,(anonymous_0)
FN:7,(anonymous_1)
FN:8,(anonymous_2)
FN:14,(anonymous_3)
FN:20,(anonymous_4)
FN:26,(anonymous_5)
FN:34,(anonymous_6)
FN:40,(anonymous_7)
FN:49,(anonymous_8)
FN:50,(anonymous_9)
FN:56,(anonymous_10)
FN:64,(anonymous_11)
FN:70,(anonymous_12)
FN:79,(anonymous_13)
FN:85,(anonymous_14)
FN:93,(anonymous_15)
FN:99,(anonymous_16)
FN:107,(anonymous_17)
FN:113,(anonymous_18)
FN:121,(anonymous_19)
FN:127,(anonymous_20)
FNF:21
FNH:21
FNDA:1,(anonymous_0)
FNDA:1,(anonymous_1)
FNDA:1,(anonymous_2)
FNDA:1,(anonymous_3)
FNDA:1,(anonymous_4)
FNDA:1,(anonymous_5)
FNDA:1,(anonymous_6)
FNDA:1,(anonymous_7)
FNDA:1,(anonymous_8)
FNDA:1,(anonymous_9)
FNDA:1,(anonymous_10)
FNDA:1,(anonymous_11)
FNDA:1,(anonymous_12)
FNDA:1,(anonymous_13)
FNDA:1,(anonymous_14)
FNDA:1,(anonymous_15)
FNDA:1,(anonymous_16)
FNDA:1,(anonymous_17)
FNDA:1,(anonymous_18)
FNDA:1,(anonymous_19)
FNDA:1,(anonymous_20)
DA:1,1
DA:2,1
DA:3,1
DA:4,1
DA:6,1
DA:7,1
DA:8,1
DA:9,1
DA:15,1
DA:20,1
DA:21,1
DA:27,1
DA:30,1
DA:34,1
DA:35,1
DA:41,1
DA:44,1
DA:49,1
DA:50,1
DA:51,1
DA:57,1
DA:60,1
DA:64,1
DA:65,1
DA:71,1
DA:75,1
DA:79,1
DA:80,1
DA:86,1
DA:89,1
DA:93,1
DA:94,1
DA:100,1
DA:103,1
DA:107,1
DA:108,1
DA:114,1
DA:117,1
DA:121,1
DA:122,1
DA:128,1
DA:131,1
LF:42
LH:42
BRF:0
BRH:0
end_of_record
TN:
SF:test/commands/delete.test.js
FN:7,(anonymous_0)
FN:8,(anonymous_1)
FN:9,(anonymous_2)
FN:15,(anonymous_3)
FN:22,(anonymous_4)
FN:28,(anonymous_5)
FN:37,(anonymous_6)
FN:38,(anonymous_7)
FN:44,(anonymous_8)
FN:52,(anonymous_9)
FN:53,(anonymous_10)
FN:60,(anonymous_11)
FN:69,(anonymous_12)
FN:76,(anonymous_13)
FN:85,(anonymous_14)
FN:91,(anonymous_15)
FNF:16
FNH:16
FNDA:1,(anonymous_0)
FNDA:1,(anonymous_1)
FNDA:1,(anonymous_2)
FNDA:1,(anonymous_3)
FNDA:1,(anonymous_4)
FNDA:1,(anonymous_5)
FNDA:1,(anonymous_6)
FNDA:1,(anonymous_7)
FNDA:1,(anonymous_8)
FNDA:1,(anonymous_9)
FNDA:1,(anonymous_10)
FNDA:1,(anonymous_11)
FNDA:1,(anonymous_12)
FNDA:1,(anonymous_13)
FNDA:1,(anonymous_14)
FNDA:1,(anonymous_15)
DA:1,1
DA:2,1
DA:3,1
DA:4,1
DA:5,1
DA:7,1
DA:8,1
DA:9,1
DA:10,1
DA:16,1
DA:22,1
DA:23,1
DA:29,1
DA:32,1
DA:37,1
DA:38,1
DA:39,1
DA:45,1
DA:48,1
DA:52,1
DA:53,1
DA:54,1
DA:61,1
DA:65,1
DA:69,1
DA:70,1
DA:77,1
DA:80,1
DA:85,1
DA:86,1
DA:92,1
DA:95,1
LF:32
LH:32
BRF:0
BRH:0
end_of_record
TN:
SF:test/commands/export.test.js
FN:8,(anonymous_0)
FN:9,(anonymous_1)
FN:10,(anonymous_2)
FN:16,(anonymous_3)
FN:23,(anonymous_4)
FN:29,(anonymous_5)
FN:38,(anonymous_6)
FN:39,(anonymous_7)
FN:43,(anonymous_8)
FN:44,(anonymous_9)
FN:56,(anonymous_10)
FN:68,(anonymous_11)
FN:69,(anonymous_12)
FN:77,(anonymous_13)
FN:81,(anonymous_14)
FN:82,(anonymous_15)
FN:94,(anonymous_16)
FN:109,(anonymous_17)
FN:110,(anonymous_18)
FN:118,(anonymous_19)
FN:124,(anonymous_20)
FNF:21
FNH:21
FNDA:1,(anonymous_0)
FNDA:1,(anonymous_1)
FNDA:1,(anonymous_2)
FNDA:1,(anonymous_3)
FNDA:1,(anonymous_4)
FNDA:1,(anonymous_5)
FNDA:1,(anonymous_6)
FNDA:1,(anonymous_7)
FNDA:1,(anonymous_8)
FNDA:1,(anonymous_9)
FNDA:1,(anonymous_10)
FNDA:1,(anonymous_11)
FNDA:1,(anonymous_12)
FNDA:1,(anonymous_13)
FNDA:1,(anonymous_14)
FNDA:1,(anonymous_15)
FNDA:1,(anonymous_16)
FNDA:1,(anonymous_17)
FNDA:1,(anonymous_18)
FNDA:1,(anonymous_19)
FNDA:1,(anonymous_20)
DA:1,1
DA:2,1
DA:3,1
DA:4,1
DA:5,1
DA:6,1
DA:8,1
DA:9,1
DA:10,1
DA:11,1
DA:17,1
DA:23,1
DA:24,1
DA:30,1
DA:33,1
DA:38,1
DA:39,1
DA:40,1
DA:41,1
DA:43,1
DA:44,1
DA:45,1
DA:46,0
DA:51,1
DA:57,1
DA:60,1
DA:62,1
DA:63,1
DA:64,1
DA:65,1
DA:68,1
DA:69,1
DA:70,1
DA:71,0
DA:77,1
DA:78,1
DA:79,1
DA:81,1
DA:82,1
DA:83,1
DA:84,0
DA:89,1
DA:95,1
DA:99,1
DA:100,1
DA:101,1
DA:102,1
DA:103,1
DA:105,0
DA:106,0
DA:109,1
DA:110,1
DA:111,1
DA:112,1
DA:118,1
DA:119,1
DA:125,1
DA:128,1
LF:58
LH:53
BRDA:45,0,0,0
BRDA:45,0,1,1
BRDA:70,1,0,0
BRDA:70,1,1,1
BRDA:83,2,0,0
BRDA:83,2,1,1
BRDA:111,3,0,1
BRDA:111,3,1,0
BRF:8
BRH:4
end_of_record
TN:
SF:test/commands/import.test.js
FN:7,(anonymous_0)
FN:8,(anonymous_1)
FN:9,(anonymous_2)
FN:17,(anonymous_3)
FN:23,(anonymous_4)
FN:29,(anonymous_5)
FN:36,(anonymous_6)
FN:42,(anonymous_7)
FN:50,(anonymous_8)
FN:51,(anonymous_9)
FN:55,(anonymous_10)
FN:59,(anonymous_11)
FN:71,(anonymous_12)
FN:78,(anonymous_13)
FN:79,(anonymous_14)
FN:87,(anonymous_15)
FN:91,(anonymous_16)
FN:97,(anonymous_17)
FN:109,(anonymous_18)
FN:117,(anonymous_19)
FN:118,(anonymous_20)
FN:126,(anonymous_21)
FN:132,(anonymous_22)
FN:139,(anonymous_23)
FN:145,(anonymous_24)
FNF:25
FNH:25
FNDA:1,(anonymous_0)
FNDA:1,(anonymous_1)
FNDA:1,(anonymous_2)
FNDA:1,(anonymous_3)
FNDA:1,(anonymous_4)
FNDA:1,(anonymous_5)
FNDA:1,(anonymous_6)
FNDA:1,(anonymous_7)
FNDA:1,(anonymous_8)
FNDA:1,(anonymous_9)
FNDA:1,(anonymous_10)
FNDA:1,(anonymous_11)
FNDA:1,(anonymous_12)
FNDA:1,(anonymous_13)
FNDA:1,(anonymous_14)
FNDA:1,(anonymous_15)
FNDA:1,(anonymous_16)
FNDA:1,(anonymous_17)
FNDA:1,(anonymous_18)
FNDA:1,(anonymous_19)
FNDA:1,(anonymous_20)
FNDA:1,(anonymous_21)
FNDA:1,(anonymous_22)
FNDA:1,(anonymous_23)
FNDA:1,(anonymous_24)
DA:1,1
DA:2,1
DA:3,1
DA:4,1
DA:5,1
DA:7,1
DA:8,1
DA:9,1
DA:10,1
DA:12,1
DA:18,1
DA:23,1
DA:24,1
DA:30,1
DA:32,1
DA:36,1
DA:37,1
DA:43,1
DA:45,1
DA:50,1
DA:51,1
DA:52,1
DA:53,1
DA:55,1
DA:56,1
DA:59,1
DA:60,1
DA:61,0
DA:66,1
DA:72,1
DA:75,1
DA:78,1
DA:79,1
DA:80,1
DA:81,0
DA:87,1
DA:88,1
DA:89,1
DA:91,1
DA:92,1
DA:97,1
DA:98,1
DA:99,0
DA:104,1
DA:110,1
DA:114,1
DA:117,1
DA:118,1
DA:119,1
DA:120,0
DA:126,1
DA:127,1
DA:133,1
DA:135,1
DA:139,1
DA:140,1
DA:146,1
DA:148,1
LF:58
LH:54
BRDA:60,0,0,0
BRDA:60,0,1,1
BRDA:80,1,0,0
BRDA:80,1,1,1
BRDA:98,2,0,0
BRDA:98,2,1,1
BRDA:119,3,0,0
BRDA:119,3,1,1
BRF:8
BRH:4
end_of_record
TN:
SF:test/commands/list.test.js
FN:6,(anonymous_0)
FN:7,(anonymous_1)
FN:8,(anonymous_2)
FN:14,(anonymous_3)
FN:21,(anonymous_4)
FN:27,(anonymous_5)
FN:35,(anonymous_6)
FN:36,(anonymous_7)
FN:42,(anonymous_8)
FN:52,(anonymous_9)
FN:58,(anonymous_10)
FN:67,(anonymous_11)
FN:73,(anonymous_12)
FNF:13
FNH:13
FNDA:1,(anonymous_0)
FNDA:1,(anonymous_1)
FNDA:1,(anonymous_2)
FNDA:1,(anonymous_3)
FNDA:1,(anonymous_4)
FNDA:1,(anonymous_5)
FNDA:1,(anonymous_6)
FNDA:1,(anonymous_7)
FNDA:1,(anonymous_8)
FNDA:1,(anonymous_9)
FNDA:1,(anonymous_10)
FNDA:1,(anonymous_11)
FNDA:1,(anonymous_12)
DA:1,1
DA:2,1
DA:3,1
DA:4,1
DA:6,1
DA:7,1
DA:8,1
DA:9,1
DA:15,1
DA:21,1
DA:22,1
DA:28,1
DA:30,1
DA:35,1
DA:36,1
DA:37,1
DA:43,1
DA:47,1
DA:48,1
DA:52,1
DA:53,1
DA:59,1
DA:62,1
DA:63,1
DA:67,1
DA:68,1
DA:74,1
DA:78,1
LF:28
LH:28
BRF:0
BRH:0
end_of_record
TN:
SF:test/commands/reset.test.js
FN:6,(anonymous_0)
FN:7,(anonymous_1)
FN:13,(anonymous_2)
FN:20,(anonymous_3)
FN:26,(anonymous_4)
FN:33,(anonymous_5)
FN:39,(anonymous_6)
FNF:7
FNH:7
FNDA:1,(anonymous_0)
FNDA:1,(anonymous_1)
FNDA:1,(anonymous_2)
FNDA:1,(anonymous_3)
FNDA:1,(anonymous_4)
FNDA:1,(anonymous_5)
FNDA:1,(anonymous_6)
DA:1,1
DA:2,1
DA:3,1
DA:4,1
DA:6,1
DA:7,1
DA:8,1
DA:14,1
DA:16,1
DA:20,1
DA:21,1
DA:27,1
DA:29,1
DA:33,1
DA:34,1
DA:40,1
DA:42,1
LF:17
LH:17
BRF:0
BRH:0
end_of_record
TN:
SF:test/commands/setup.test.js
FN:6,(anonymous_0)
FN:7,(anonymous_1)
FN:13,(anonymous_2)
FN:20,(anonymous_3)
FN:26,(anonymous_4)
FN:33,(anonymous_5)
FN:39,(anonymous_6)
FNF:7
FNH:7
FNDA:1,(anonymous_0)
FNDA:1,(anonymous_1)
FNDA:1,(anonymous_2)
FNDA:1,(anonymous_3)
FNDA:1,(anonymous_4)
FNDA:1,(anonymous_5)
FNDA:1,(anonymous_6)
DA:1,1
DA:2,1
DA:3,1
DA:4,1
DA:6,1
DA:7,1
DA:8,1
DA:14,1
DA:16,1
DA:20,1
DA:21,1
DA:27,1
DA:29,1
DA:33,1
DA:34,1
DA:40,1
DA:42,1
LF:17
LH:17
BRF:0
BRH:0
end_of_record
TN:
SF:test/commands/use.test.js
FN:8,(anonymous_0)
FN:9,(anonymous_1)
FN:10,(anonymous_2)
FN:17,(anonymous_3)
FN:23,(anonymous_4)
FN:30,(anonymous_5)
FN:38,(anonymous_6)
FN:45,(anonymous_7)
FN:54,(anonymous_8)
FN:55,(anonymous_9)
FN:62,(anonymous_10)
FN:71,(anonymous_11)
FN:78,(anonymous_12)
FN:87,(anonymous_13)
FN:88,(anonymous_14)
FN:95,(anonymous_15)
FN:104,(anonymous_16)
FN:111,(anonymous_17)
FN:122,(anonymous_18)
FN:129,(anonymous_19)
FN:137,(anonymous_20)
FN:144,(anonymous_21)
FNF:22
FNH:22
FNDA:1,(anonymous_0)
FNDA:1,(anonymous_1)
FNDA:1,(anonymous_2)
FNDA:1,(anonymous_3)
FNDA:1,(anonymous_4)
FNDA:1,(anonymous_5)
FNDA:1,(anonymous_6)
FNDA:1,(anonymous_7)
FNDA:1,(anonymous_8)
FNDA:1,(anonymous_9)
FNDA:1,(anonymous_10)
FNDA:1,(anonymous_11)
FNDA:1,(anonymous_12)
FNDA:1,(anonymous_13)
FNDA:1,(anonymous_14)
FNDA:1,(anonymous_15)
FNDA:1,(anonymous_16)
FNDA:1,(anonymous_17)
FNDA:1,(anonymous_18)
FNDA:1,(anonymous_19)
FNDA:1,(anonymous_20)
FNDA:1,(anonymous_21)
DA:1,1
DA:2,1
DA:3,1
DA:4,1
DA:5,1
DA:6,1
DA:8,1
DA:9,1
DA:10,1
DA:11,1
DA:18,1
DA:23,1
DA:24,1
DA:31,1
DA:34,1
DA:38,1
DA:39,1
DA:46,1
DA:49,1
DA:54,1
DA:55,1
DA:56,1
DA:63,1
DA:66,1
DA:67,1
DA:71,1
DA:72,1
DA:79,1
DA:82,1
DA:83,1
DA:87,1
DA:88,1
DA:89,1
DA:96,1
DA:100,1
DA:104,1
DA:105,1
DA:112,1
DA:116,1
DA:117,1
DA:122,1
DA:123,1
DA:130,1
DA:133,1
DA:137,1
DA:138,1
DA:145,1
DA:148,1
LF:48
LH:48
BRF:0
BRH:0
end_of_record
TN:
SF:test/utilities/FilesystemStorage.test.js
FN:7,(anonymous_0)
FN:11,(anonymous_1)
FN:12,(anonymous_2)
FN:19,(anonymous_3)
FN:20,(anonymous_4)
FN:27,(anonymous_5)
FN:33,(anonymous_6)
FN:38,(anonymous_7)
FN:39,(anonymous_8)
FN:53,(anonymous_9)
FN:61,(anonymous_10)
FN:62,(anonymous_11)
FNF:12
FNH:12
FNDA:1,(anonymous_0)
FNDA:1,(anonymous_1)
FNDA:1,(anonymous_2)
FNDA:1,(anonymous_3)
FNDA:1,(anonymous_4)
FNDA:1,(anonymous_5)
FNDA:1,(anonymous_6)
FNDA:1,(anonymous_7)
FNDA:1,(anonymous_8)
FNDA:1,(anonymous_9)
FNDA:1,(anonymous_10)
FNDA:1,(anonymous_11)
DA:1,1
DA:2,1
DA:3,1
DA:4,1
DA:5,1
DA:7,1
DA:8,1
DA:9,1
DA:11,1
DA:12,1
DA:13,1
DA:14,0
DA:19,1
DA:20,1
DA:21,1
DA:22,1
DA:23,1
DA:24,1
DA:27,1
DA:28,1
DA:29,1
DA:30,1
DA:33,1
DA:34,1
DA:38,1
DA:39,1
DA:40,1
DA:41,1
DA:42,1
DA:43,1
DA:45,1
DA:46,1
DA:48,1
DA:50,1
DA:53,1
DA:54,1
DA:55,1
DA:56,1
DA:57,1
DA:61,1
DA:62,1
DA:63,1
DA:64,0
LF:43
LH:41
BRDA:13,0,0,0
BRDA:13,0,1,1
BRDA:63,1,0,0
BRDA:63,1,1,1
BRF:4
BRH:2
end_of_record
TN:
SF:test/utilities/InquirerPrompt.test.js
FN:4,(anonymous_0)
FN:7,(anonymous_1)
FN:12,(anonymous_2)
FNF:3
FNH:3
FNDA:1,(anonymous_0)
FNDA:1,(anonymous_1)
FNDA:1,(anonymous_2)
DA:1,1
DA:2,1
DA:4,1
DA:5,1
DA:7,1
DA:8,1
DA:9,1
DA:12,1
DA:13,1
LF:9
LH:9
BRF:0
BRH:0
end_of_record
